\BOOKMARK [0][]{chapter*.3}{\376\377\144\130\000\040\211\201}{}% 1
\BOOKMARK [0][]{chapter*.4}{\376\377\000A\000B\000S\000T\000R\000A\000C\000T}{}% 2
\BOOKMARK [0][]{chapter.1}{\376\377\173\054\116\000\172\340\000\040\176\352\213\272}{}% 3
\BOOKMARK [1][]{section.1.1}{\376\377\0001\000.\0001\000\040\170\024\172\166\200\314\146\157\116\016\141\017\116\111}{chapter.1}% 4
\BOOKMARK [2][-]{subsection.1.1.1}{\376\377\0001\000.\0001\000.\0001\000\040\116\011\176\364\160\271\116\221\145\160\143\156\136\224\165\050\127\072\146\157}{section.1.1}% 5
\BOOKMARK [2][-]{subsection.1.1.2}{\376\377\0001\000.\0001\000.\0002\000\040\160\271\116\221\145\160\143\156\153\213\177\072\225\356\230\230\116\016\143\021\142\030}{section.1.1}% 6
\BOOKMARK [2][-]{subsection.1.1.3}{\376\377\0001\000.\0001\000.\0003\000\040\160\271\116\221\210\145\121\150\116\016\116\011\176\364\221\315\136\372\170\024\172\166\116\367\120\074}{section.1.1}% 7
\BOOKMARK [1][]{section.1.2}{\376\377\0001\000.\0002\000\040\126\375\121\205\131\026\170\024\172\166\163\260\162\266}{chapter.1}% 8
\BOOKMARK [2][-]{subsection.1.2.1}{\376\377\0001\000.\0002\000.\0001\000\040\160\271\116\221\210\145\121\150\166\204\117\040\176\337\121\340\117\125\145\271\154\325\116\016\155\361\136\246\133\146\116\140\145\271\154\325}{section.1.2}% 9
\BOOKMARK [2][-]{subsection.1.2.2}{\376\377\0001\000.\0002\000.\0002\000\040\000T\000r\000a\000n\000s\000f\000o\000r\000m\000e\000r\127\050\160\271\116\221\131\004\164\006\116\055\166\204\136\224\165\050}{section.1.2}% 10
\BOOKMARK [2][-]{subsection.1.2.3}{\376\377\0001\000.\0002\000.\0003\000\040\170\024\172\166\163\260\162\266\140\073\176\323\116\016\116\015\215\263}{section.1.2}% 11
\BOOKMARK [1][]{section.1.3}{\376\377\0001\000.\0003\000\040\116\073\211\201\170\024\172\166\121\205\133\271\116\016\142\200\147\057\215\357\176\277}{chapter.1}% 12
\BOOKMARK [2][-]{subsection.1.3.1}{\376\377\0001\000.\0003\000.\0001\000\040\170\024\172\166\121\205\133\271}{section.1.3}% 13
\BOOKMARK [2][-]{subsection.1.3.2}{\376\377\0001\000.\0003\000.\0002\000\040\142\200\147\057\215\357\176\277}{section.1.3}% 14
\BOOKMARK [1][]{section.1.4}{\376\377\0001\000.\0004\000\040\213\272\145\207\176\323\147\204\133\211\143\222}{chapter.1}% 15
\BOOKMARK [0][]{chapter.2}{\376\377\173\054\116\214\172\340\000\040\166\370\121\163\164\006\213\272\116\016\127\372\170\100\142\200\147\057}{}% 16
\BOOKMARK [1][]{section.2.1}{\376\377\0002\000.\0001\000\040\160\271\116\221\145\160\143\156\127\372\170\100}{chapter.2}% 17
\BOOKMARK [2][-]{subsection.2.1.1}{\376\377\0002\000.\0001\000.\0001\000\040\160\271\116\221\145\160\143\156\133\232\116\111\116\016\162\171\140\047}{section.2.1}% 18
\BOOKMARK [2][-]{subsection.2.1.2}{\376\377\0002\000.\0001\000.\0002\000\040\160\271\116\221\230\204\131\004\164\006\145\271\154\325}{section.2.1}% 19
\BOOKMARK [1][]{section.2.2}{\376\377\0002\000.\0002\000\040\000T\000r\000a\000n\000s\000f\000o\000r\000m\000e\000r\127\372\170\100\164\006\213\272}{chapter.2}% 20
\BOOKMARK [2][-]{subsection.2.2.1}{\376\377\0002\000.\0002\000.\0001\000\040\201\352\154\350\141\017\122\233\147\072\122\066}{section.2.2}% 21
\BOOKMARK [2][-]{subsection.2.2.2}{\376\377\0002\000.\0002\000.\0002\000\040\177\026\170\001\126\150\000-\211\343\170\001\126\150\176\323\147\204}{section.2.2}% 22
\BOOKMARK [2][-]{subsection.2.2.3}{\376\377\0002\000.\0002\000.\0003\000\040\117\115\177\156\177\026\170\001}{section.2.2}% 23
\BOOKMARK [1][]{section.2.3}{\376\377\0002\000.\0003\000\040\160\271\116\221\210\145\121\150\150\070\137\303\142\200\147\057}{chapter.2}% 24
\BOOKMARK [2][-]{subsection.2.3.1}{\376\377\0002\000.\0003\000.\0001\000\040\177\026\170\001\126\150\000-\211\343\170\001\126\150\210\145\121\150\150\106\147\266}{section.2.3}% 25
\BOOKMARK [2][-]{subsection.2.3.2}{\376\377\0002\000.\0003\000.\0002\000\040\136\070\165\050\143\137\131\061\121\375\145\160}{section.2.3}% 26
\BOOKMARK [1][]{section.2.4}{\376\377\0002\000.\0004\000\040\116\011\176\364\221\315\136\372\127\372\170\100\145\271\154\325}{chapter.2}% 27
\BOOKMARK [1][]{section.2.5}{\376\377\0002\000.\0005\000\040\147\054\172\340\134\017\176\323}{chapter.2}% 28
\BOOKMARK [0][]{chapter.3}{\376\377\173\054\116\011\172\340\000\040\160\271\116\221\210\145\121\150\173\227\154\325\116\016\116\011\176\364\210\150\227\142\221\315\136\372\173\227\154\325\213\276\213\241}{}% 29
\BOOKMARK [1][]{section.3.1}{\376\377\0003\000.\0001\000\040\174\373\176\337\147\266\147\204}{chapter.3}% 30
\BOOKMARK [2][-]{subsection.3.1.1}{\376\377\0003\000.\0001\000.\0001\000\040\160\271\116\221\210\145\121\150\152\041\127\213\147\266\147\204}{section.3.1}% 31
\BOOKMARK [2][-]{subsection.3.1.2}{\376\377\0003\000.\0001\000.\0002\000\040\116\011\176\364\210\150\227\142\221\315\136\372\173\227\154\325\147\266\147\204}{section.3.1}% 32
\BOOKMARK [1][]{section.3.2}{\376\377\0003\000.\0002\000\040\127\372\116\216\000\040\000T\000r\000a\000n\000s\000f\000o\000r\000m\000e\000r\000\040\166\204\160\271\116\221\210\145\121\150\173\227\154\325\213\276\213\241}{chapter.3}% 33
\BOOKMARK [2][-]{subsection.3.2.1}{\376\377\0003\000.\0002\000.\0001\000\040\160\271\116\221\136\217\122\027\166\204\000T\000r\000a\000n\000s\000f\000o\000r\000m\000e\000r\177\026\170\001}{section.3.2}% 34
\BOOKMARK [2][-]{subsection.3.2.2}{\376\377\0003\000.\0002\000.\0002\000\040\000C\000o\000a\000r\000s\000e\000-\000t\000o\000-\000F\000i\000n\000e\156\020\217\333\137\017\165\037\142\020\173\126\165\145}{section.3.2}% 35
\BOOKMARK [2][-]{subsection.3.2.3}{\376\377\0003\000.\0002\000.\0003\000\040\155\367\124\010\143\137\131\061\121\375\145\160\213\276\213\241}{section.3.2}% 36
\BOOKMARK [1][]{section.3.3}{\376\377\0003\000.\0003\000\040\116\011\176\364\210\150\227\142\221\315\136\372\173\227\154\325\166\204\123\237\164\006\116\016\133\236\163\260}{chapter.3}% 37
\BOOKMARK [2][-]{subsection.3.3.1}{\376\377\0003\000.\0003\000.\0001\000\040\154\312\147\176\210\150\227\142\221\315\136\372\173\227\154\325\123\237\164\006}{section.3.3}% 38
\BOOKMARK [2][-]{subsection.3.3.2}{\376\377\0003\000.\0003\000.\0002\000\040\173\227\154\325\133\236\163\260\176\306\202\202}{section.3.3}% 39
\BOOKMARK [1][]{section.3.4}{\376\377\0003\000.\0004\000\040\147\054\172\340\134\017\176\323}{chapter.3}% 40
\BOOKMARK [0][]{chapter.4}{\376\377\173\054\126\333\172\340\000\040\133\236\232\214\213\276\213\241\116\016\176\323\147\234\122\006\147\220}{}% 41
\BOOKMARK [1][]{section.4.1}{\376\377\0004\000.\0001\000\040\133\236\232\214\163\257\130\203\116\016\145\160\143\156\226\306}{chapter.4}% 42
\BOOKMARK [2][-]{subsection.4.1.1}{\376\377\0004\000.\0001\000.\0001\000\040\137\000\123\321\163\257\130\203}{section.4.1}% 43
\BOOKMARK [2][-]{subsection.4.1.2}{\376\377\0004\000.\0001\000.\0002\000\040\160\271\116\221\210\145\121\150\145\160\143\156\226\306}{section.4.1}% 44
\BOOKMARK [2][-]{subsection.4.1.3}{\376\377\0004\000.\0001\000.\0003\000\040\160\271\116\221\210\145\121\150\173\227\154\325\213\304\116\367\143\007\150\007}{section.4.1}% 45
\BOOKMARK [1][]{section.4.2}{\376\377\0004\000.\0002\000\040\160\271\116\221\210\145\121\150\173\227\154\325\133\371\153\324\133\236\232\214}{chapter.4}% 46
\BOOKMARK [2][-]{subsection.4.2.1}{\376\377\0004\000.\0002\000.\0001\000\040\116\016\116\073\155\101\173\227\154\325\140\047\200\375\133\371\153\324}{section.4.2}% 47
\BOOKMARK [2][-]{subsection.4.2.2}{\376\377\0004\000.\0002\000.\0002\000\040\210\145\121\150\145\110\147\234\123\357\211\306\123\026\133\371\153\324}{section.4.2}% 48
\BOOKMARK [1][]{section.4.3}{\376\377\0004\000.\0003\000\040\160\271\116\221\210\145\121\150\173\227\154\325\155\210\207\215\133\236\232\214}{chapter.4}% 49
\BOOKMARK [2][-]{subsection.4.3.1}{\376\377\0004\000.\0003\000.\0001\000\040\174\227\174\222\136\246\143\137\131\061\121\375\145\160\117\030\123\026\137\025\121\145\166\204\137\161\124\315}{section.4.3}% 50
\BOOKMARK [2][-]{subsection.4.3.2}{\376\377\0004\000.\0003\000.\0002\000\040\201\352\220\002\136\224\147\345\213\342\165\037\142\020\147\072\122\066\137\161\124\315\122\006\147\220}{section.4.3}% 51
\BOOKMARK [2][-]{subsection.4.3.3}{\376\377\0004\000.\0003\000.\0003\000\040\176\306\174\222\136\246\143\137\131\061\121\375\145\160\117\030\123\026\137\025\121\145\166\204\137\161\124\315}{section.4.3}% 52
\BOOKMARK [1][]{section.4.4}{\376\377\0004\000.\0004\000\040\116\011\176\364\210\150\227\142\221\315\136\372\173\227\154\325\176\323\147\234\134\125\171\072\116\016\122\006\147\220}{chapter.4}% 53
\BOOKMARK [1][]{section.4.5}{\376\377\0004\000.\0005\000\040\147\054\172\340\134\017\176\323}{chapter.4}% 54
\BOOKMARK [0][]{chapter.5}{\376\377\173\054\116\224\172\340\000\040\140\073\176\323\116\016\134\125\147\033}{}% 55
\BOOKMARK [1][]{section.5.1}{\376\377\0005\000.\0001\000\040\170\024\172\166\135\345\117\134\140\073\176\323}{chapter.5}% 56
\BOOKMARK [1][]{section.5.2}{\376\377\0005\000.\0002\000\040\147\052\147\145\170\024\172\166\134\125\147\033}{chapter.5}% 57
\BOOKMARK [0][]{section*.26}{\376\377\123\302\200\003\145\207\163\056}{}% 58
\BOOKMARK [0][]{section*.28}{\376\377\201\364\000\040\214\042}{}% 59
